<?xml version="1.0" encoding="UTF-8"?>
<!-- Generated by org.testng.reporters.JUnitXMLReporter -->
<testsuite hostname="INBLN301" ignored="4" name="Chrome" tests="2" failures="0" timestamp="26 Dec 2018 06:29:30 GMT" time="60.79" errors="0">
  <testcase name="SearchEmerio" time="17.722" classname="testlayer.Sample_TestCase_001"/>
  <testcase name="NavigateToEmerio" time="8.245" classname="testlayer.Sample_TestCase_002"/>
  <testcase name="@AfterTest quitDriver" time="0.0" classname="Base.BaseClass">
    <ignored/>
  </testcase> <!-- @AfterTest quitDriver -->
  <testcase name="@BeforeTest initializeDriver" time="0.0" classname="Base.BaseClass">
    <ignored/>
  </testcase> <!-- @BeforeTest initializeDriver -->
  <testcase name="@BeforeSuite BeforeSuite" time="0.0" classname="Base.BaseClass">
    <ignored/>
  </testcase> <!-- @BeforeSuite BeforeSuite -->
  <testcase name="@AfterSuite afterSuite" time="0.0" classname="Base.BaseClass">
    <ignored/>
  </testcase> <!-- @AfterSuite afterSuite -->
</testsuite> <!-- Chrome -->
